<?xml version="1.0"?>
<testsuites>
  <testsuite name="Chrome 31.0.1650 (Windows 7)" package="undefined" timestamp="2013-11-26T01:48:00" id="0" hostname="John-S9Laptop" tests="6" errors="0" failures="0" time="0.047">
    <properties>
      <property name="browser.fullName" value="Mozilla/5.0 (Windows NT 6.1; WOW64) AppleWebKit/537.36 (KHTML, like Gecko) Chrome/31.0.1650.57 Safari/537.36"/>
    </properties>
    <testcase name="Calculator: Sum two values" time="0.032" classname="Chrome 31.0.1650 (Windows 7).calculator"/>
    <testcase name="Calculator: Sum two other values" time="0.015" classname="Chrome 31.0.1650 (Windows 7).calculator"/>
    <testcase name="Circle: Triangle Side C is correct" time="0" classname="Chrome 31.0.1650 (Windows 7).calculator"/>
    <testcase name="Circle: Area is correct" time="0" classname="Chrome 31.0.1650 (Windows 7).Circle Direct Tests"/>
    <testcase name="Circle: Circumference is correct" time="0" classname="Chrome 31.0.1650 (Windows 7).Circle Direct Tests"/>
    <testcase name="triangle: Area is correct" time="0" classname="Chrome 31.0.1650 (Windows 7).Triangle Direct Tests"/>
    <system-out><![CDATA[
]]></system-out>
    <system-err/>
  </testsuite>
</testsuites>
